<?xml version="1.0" encoding="UTF-8"?>
<!-- Generated by org.testng.reporters.JUnitReportReporter -->
<testsuite hostname="LAPTOP-QUJPMPBN" failures="0" tests="2" name="Automation_Learning.dataprovider" time="16.958" errors="0" timestamp="2025-04-02T17:26:47 IST" skipped="0">
  <testcase classname="Automation_Learning.dataprovider" name="login_test" time="6.530"/>
  <testcase classname="Automation_Learning.dataprovider" name="lead_list_page" time="10.428"/>
</testsuite> <!-- Automation_Learning.dataprovider -->
