<?xml version="1.0" encoding="UTF-8"?>
<!-- Generated by org.testng.reporters.JUnitReportReporter -->
<testsuite hostname="LAPTOP-QUJPMPBN" failures="0" tests="1" name="Automation_Learning.Learn" time="7.029" errors="0" timestamp="2025-04-01T22:54:58 IST" skipped="0">
  <testcase classname="Automation_Learning.Learn" name="user_credential" time="7.029"/>
</testsuite> <!-- Automation_Learning.Learn -->
